2021-08-20 18:46:09.832  INFO 18904 --- [RMI TCP Connection(5)-127.0.0.1] inMXBeanRegistrar$SpringApplicationAdmin : Application shutdown requested.
2021-08-20 18:46:09.863  INFO 18904 --- [RMI TCP Connection(5)-127.0.0.1] j.LocalContainerEntityManagerFactoryBean : Closing JPA EntityManagerFactory for persistence unit 'default'
2021-08-20 18:46:09.865  INFO 18904 --- [RMI TCP Connection(5)-127.0.0.1] com.zaxxer.hikari.HikariDataSource       : HikariPool-1 - Shutdown initiated...
2021-08-20 18:46:09.870  INFO 18904 --- [RMI TCP Connection(5)-127.0.0.1] com.zaxxer.hikari.HikariDataSource       : HikariPool-1 - Shutdown completed.
2021-08-20 18:46:13.620  INFO 10500 --- [restartedMain] com.shop.admin.ShopBackEndApplication    : Starting ShopBackEndApplication using Java 15.0.2 on DESKTOP-DN0KHA8 with PID 10500 (D:\ShopEcommerce\ShopProject\ShopWebParent\ShopBackEnd\target\classes started by fyant in D:\ShopEcommerce\ShopProject\ShopWebParent\ShopBackEnd)
2021-08-20 18:46:13.622  INFO 10500 --- [restartedMain] com.shop.admin.ShopBackEndApplication    : No active profile set, falling back to default profiles: default
2021-08-20 18:46:13.659  INFO 10500 --- [restartedMain] .e.DevToolsPropertyDefaultsPostProcessor : Devtools property defaults active! Set 'spring.devtools.add-properties' to 'false' to disable
2021-08-20 18:46:13.659  INFO 10500 --- [restartedMain] .e.DevToolsPropertyDefaultsPostProcessor : For additional web related logging consider setting the 'logging.level.web' property to 'DEBUG'
2021-08-20 18:46:14.123  INFO 10500 --- [restartedMain] .s.d.r.c.RepositoryConfigurationDelegate : Bootstrapping Spring Data JPA repositories in DEFAULT mode.
2021-08-20 18:46:14.161  INFO 10500 --- [restartedMain] .s.d.r.c.RepositoryConfigurationDelegate : Finished Spring Data repository scanning in 32 ms. Found 3 JPA repository interfaces.
2021-08-20 18:46:14.550  INFO 10500 --- [restartedMain] o.s.b.w.embedded.tomcat.TomcatWebServer  : Tomcat initialized with port(s): 8080 (http)
2021-08-20 18:46:14.556  INFO 10500 --- [restartedMain] o.apache.catalina.core.StandardService   : Starting service [Tomcat]
2021-08-20 18:46:14.556  INFO 10500 --- [restartedMain] org.apache.catalina.core.StandardEngine  : Starting Servlet engine: [Apache Tomcat/9.0.50]
2021-08-20 18:46:14.639  INFO 10500 --- [restartedMain] o.a.c.c.C.[.[localhost].[/ShopAdmin]     : Initializing Spring embedded WebApplicationContext
2021-08-20 18:46:14.639  INFO 10500 --- [restartedMain] w.s.c.ServletWebServerApplicationContext : Root WebApplicationContext: initialization completed in 978 ms
2021-08-20 18:46:14.763  INFO 10500 --- [restartedMain] o.hibernate.jpa.internal.util.LogHelper  : HHH000204: Processing PersistenceUnitInfo [name: default]
2021-08-20 18:46:14.794  INFO 10500 --- [restartedMain] org.hibernate.Version                    : HHH000412: Hibernate ORM core version 5.4.32.Final
2021-08-20 18:46:14.881  INFO 10500 --- [restartedMain] o.hibernate.annotations.common.Version   : HCANN000001: Hibernate Commons Annotations {5.1.2.Final}
2021-08-20 18:46:14.950  INFO 10500 --- [restartedMain] com.zaxxer.hikari.HikariDataSource       : HikariPool-1 - Starting...
2021-08-20 18:46:15.051  INFO 10500 --- [restartedMain] com.zaxxer.hikari.HikariDataSource       : HikariPool-1 - Start completed.
2021-08-20 18:46:15.070  INFO 10500 --- [restartedMain] org.hibernate.dialect.Dialect            : HHH000400: Using dialect: org.hibernate.dialect.MySQL55Dialect
2021-08-20 18:46:15.624  INFO 10500 --- [restartedMain] o.h.e.t.j.p.i.JtaPlatformInitiator       : HHH000490: Using JtaPlatform implementation: [org.hibernate.engine.transaction.jta.platform.internal.NoJtaPlatform]
2021-08-20 18:46:15.629  INFO 10500 --- [restartedMain] j.LocalContainerEntityManagerFactoryBean : Initialized JPA EntityManagerFactory for persistence unit 'default'
2021-08-20 18:46:15.806  WARN 10500 --- [restartedMain] JpaBaseConfiguration$JpaWebConfiguration : spring.jpa.open-in-view is enabled by default. Therefore, database queries may be performed during view rendering. Explicitly configure spring.jpa.open-in-view to disable this warning
2021-08-20 18:46:16.047  INFO 10500 --- [restartedMain] o.s.s.web.DefaultSecurityFilterChain     : Will secure Ant [pattern='/images/**'] with []
2021-08-20 18:46:16.047  INFO 10500 --- [restartedMain] o.s.s.web.DefaultSecurityFilterChain     : Will secure Ant [pattern='/js/**'] with []
2021-08-20 18:46:16.047  INFO 10500 --- [restartedMain] o.s.s.web.DefaultSecurityFilterChain     : Will secure Ant [pattern='/webjars/**'] with []
2021-08-20 18:46:16.069  INFO 10500 --- [restartedMain] o.s.s.web.DefaultSecurityFilterChain     : Will secure any request with [org.springframework.security.web.context.request.async.WebAsyncManagerIntegrationFilter@13a1c0eb, org.springframework.security.web.context.SecurityContextPersistenceFilter@3ddd2029, org.springframework.security.web.header.HeaderWriterFilter@40529762, org.springframework.security.web.csrf.CsrfFilter@a429704, org.springframework.security.web.authentication.logout.LogoutFilter@467254c9, org.springframework.security.web.authentication.UsernamePasswordAuthenticationFilter@6e5aa08c, org.springframework.security.web.savedrequest.RequestCacheAwareFilter@6413c491, org.springframework.security.web.servletapi.SecurityContextHolderAwareRequestFilter@71d17a60, org.springframework.security.web.authentication.rememberme.RememberMeAuthenticationFilter@5a56bc8b, org.springframework.security.web.authentication.AnonymousAuthenticationFilter@46a324e4, org.springframework.security.web.session.SessionManagementFilter@5b2406a4, org.springframework.security.web.access.ExceptionTranslationFilter@1dd72389, org.springframework.security.web.access.intercept.FilterSecurityInterceptor@35b559b1]
2021-08-20 18:46:16.189  INFO 10500 --- [restartedMain] o.s.b.a.w.s.WelcomePageHandlerMapping    : Adding welcome page template: index
2021-08-20 18:46:16.458  INFO 10500 --- [restartedMain] o.s.b.d.a.OptionalLiveReloadServer       : LiveReload server is running on port 35729
2021-08-20 18:46:16.486  INFO 10500 --- [restartedMain] o.s.b.w.embedded.tomcat.TomcatWebServer  : Tomcat started on port(s): 8080 (http) with context path '/ShopAdmin'
2021-08-20 18:46:16.493  INFO 10500 --- [restartedMain] com.shop.admin.ShopBackEndApplication    : Started ShopBackEndApplication in 3.125 seconds (JVM running for 3.576)
2021-08-17 19:00:55.672  INFO 10500 --- [Thread-5] j.LocalContainerEntityManagerFactoryBean : Closing JPA EntityManagerFactory for persistence unit 'default'
2021-08-17 19:00:55.678  INFO 10500 --- [Thread-5] com.zaxxer.hikari.HikariDataSource       : HikariPool-1 - Shutdown initiated...
2021-08-17 19:00:55.689  INFO 10500 --- [Thread-5] com.zaxxer.hikari.HikariDataSource       : HikariPool-1 - Shutdown completed.
2021-08-17 19:00:55.746  INFO 10500 --- [restartedMain] com.shop.admin.ShopBackEndApplication    : Starting ShopBackEndApplication using Java 15.0.2 on DESKTOP-DN0KHA8 with PID 10500 (D:\ShopEcommerce\ShopProject\ShopWebParent\ShopBackEnd\target\classes started by fyant in D:\ShopEcommerce\ShopProject\ShopWebParent\ShopBackEnd)
2021-08-17 19:00:55.747  INFO 10500 --- [restartedMain] com.shop.admin.ShopBackEndApplication    : No active profile set, falling back to default profiles: default
2021-08-17 19:00:55.870  INFO 10500 --- [restartedMain] .s.d.r.c.RepositoryConfigurationDelegate : Bootstrapping Spring Data JPA repositories in DEFAULT mode.
2021-08-17 19:00:55.879  INFO 10500 --- [restartedMain] .s.d.r.c.RepositoryConfigurationDelegate : Finished Spring Data repository scanning in 9 ms. Found 3 JPA repository interfaces.
2021-08-17 19:00:55.942  INFO 10500 --- [restartedMain] o.s.b.w.embedded.tomcat.TomcatWebServer  : Tomcat initialized with port(s): 8080 (http)
2021-08-17 19:00:55.944  INFO 10500 --- [restartedMain] o.apache.catalina.core.StandardService   : Starting service [Tomcat]
2021-08-17 19:00:55.944  INFO 10500 --- [restartedMain] org.apache.catalina.core.StandardEngine  : Starting Servlet engine: [Apache Tomcat/9.0.50]
2021-08-17 19:00:55.961  INFO 10500 --- [restartedMain] o.a.c.c.C.[.[localhost].[/ShopAdmin]     : Initializing Spring embedded WebApplicationContext
2021-08-17 19:00:55.961  INFO 10500 --- [restartedMain] w.s.c.ServletWebServerApplicationContext : Root WebApplicationContext: initialization completed in 213 ms
2021-08-17 19:00:55.985  INFO 10500 --- [restartedMain] o.hibernate.jpa.internal.util.LogHelper  : HHH000204: Processing PersistenceUnitInfo [name: default]
2021-08-17 19:00:55.989  INFO 10500 --- [restartedMain] com.zaxxer.hikari.HikariDataSource       : HikariPool-2 - Starting...
2021-08-17 19:00:55.991  INFO 10500 --- [restartedMain] com.zaxxer.hikari.HikariDataSource       : HikariPool-2 - Start completed.
2021-08-17 19:00:55.991  INFO 10500 --- [restartedMain] org.hibernate.dialect.Dialect            : HHH000400: Using dialect: org.hibernate.dialect.MySQL55Dialect
2021-08-17 19:00:56.072  INFO 10500 --- [restartedMain] o.h.e.t.j.p.i.JtaPlatformInitiator       : HHH000490: Using JtaPlatform implementation: [org.hibernate.engine.transaction.jta.platform.internal.NoJtaPlatform]
2021-08-17 19:00:56.073  INFO 10500 --- [restartedMain] j.LocalContainerEntityManagerFactoryBean : Initialized JPA EntityManagerFactory for persistence unit 'default'
2021-08-17 19:00:56.110  WARN 10500 --- [restartedMain] JpaBaseConfiguration$JpaWebConfiguration : spring.jpa.open-in-view is enabled by default. Therefore, database queries may be performed during view rendering. Explicitly configure spring.jpa.open-in-view to disable this warning
2021-08-17 19:00:56.153  INFO 10500 --- [restartedMain] o.s.s.web.DefaultSecurityFilterChain     : Will secure Ant [pattern='/images/**'] with []
2021-08-17 19:00:56.154  INFO 10500 --- [restartedMain] o.s.s.web.DefaultSecurityFilterChain     : Will secure Ant [pattern='/js/**'] with []
2021-08-17 19:00:56.154  INFO 10500 --- [restartedMain] o.s.s.web.DefaultSecurityFilterChain     : Will secure Ant [pattern='/webjars/**'] with []
2021-08-17 19:00:56.159  INFO 10500 --- [restartedMain] o.s.s.web.DefaultSecurityFilterChain     : Will secure any request with [org.springframework.security.web.context.request.async.WebAsyncManagerIntegrationFilter@638d4186, org.springframework.security.web.context.SecurityContextPersistenceFilter@404dd511, org.springframework.security.web.header.HeaderWriterFilter@6e190eda, org.springframework.security.web.csrf.CsrfFilter@460fec2e, org.springframework.security.web.authentication.logout.LogoutFilter@4e292dd5, org.springframework.security.web.authentication.UsernamePasswordAuthenticationFilter@6e28e3a1, org.springframework.security.web.savedrequest.RequestCacheAwareFilter@6edd4af0, org.springframework.security.web.servletapi.SecurityContextHolderAwareRequestFilter@4814f62f, org.springframework.security.web.authentication.rememberme.RememberMeAuthenticationFilter@9820d27, org.springframework.security.web.authentication.AnonymousAuthenticationFilter@3c93f02d, org.springframework.security.web.session.SessionManagementFilter@791a2880, org.springframework.security.web.access.ExceptionTranslationFilter@2fb021c1, org.springframework.security.web.access.intercept.FilterSecurityInterceptor@5920cc26]
2021-08-17 19:00:56.188  INFO 10500 --- [restartedMain] o.s.b.a.w.s.WelcomePageHandlerMapping    : Adding welcome page template: index
2021-08-17 19:00:56.305  INFO 10500 --- [restartedMain] o.s.b.d.a.OptionalLiveReloadServer       : LiveReload server is running on port 35729
2021-08-17 19:00:56.311  INFO 10500 --- [restartedMain] o.s.b.w.embedded.tomcat.TomcatWebServer  : Tomcat started on port(s): 8080 (http) with context path '/ShopAdmin'
2021-08-17 19:00:56.314  INFO 10500 --- [restartedMain] com.shop.admin.ShopBackEndApplication    : Started ShopBackEndApplication in 0.588 seconds (JVM running for 862.385)
2021-08-17 19:00:56.315  INFO 10500 --- [restartedMain] .ConditionEvaluationDeltaLoggingListener : Condition evaluation unchanged
2021-08-17 19:01:19.657  INFO 10500 --- [http-nio-8080-exec-1] o.a.c.c.C.[.[localhost].[/ShopAdmin]     : Initializing Spring DispatcherServlet 'dispatcherServlet'
2021-08-17 19:01:19.657  INFO 10500 --- [http-nio-8080-exec-1] o.s.web.servlet.DispatcherServlet        : Initializing Servlet 'dispatcherServlet'
2021-08-17 19:01:19.658  INFO 10500 --- [http-nio-8080-exec-1] o.s.web.servlet.DispatcherServlet        : Completed initialization in 1 ms
2021-08-17 19:07:02.633  INFO 10500 --- [Thread-7] j.LocalContainerEntityManagerFactoryBean : Closing JPA EntityManagerFactory for persistence unit 'default'
2021-08-17 19:07:02.634  INFO 10500 --- [Thread-7] com.zaxxer.hikari.HikariDataSource       : HikariPool-2 - Shutdown initiated...
2021-08-17 19:07:02.635  INFO 10500 --- [Thread-7] com.zaxxer.hikari.HikariDataSource       : HikariPool-2 - Shutdown completed.
