2021-08-17 18:32:36.993  INFO 840 --- [restartedMain] com.shop.admin.ShopBackEndApplication    : Starting ShopBackEndApplication using Java 15.0.2 on DESKTOP-DN0KHA8 with PID 840 (D:\ShopEcommerce\ShopProject\ShopWebParent\ShopBackEnd\target\classes started by fyant in D:\ShopEcommerce\ShopProject\ShopWebParent\ShopBackEnd)
2021-08-17 18:32:36.994 DEBUG 840 --- [restartedMain] com.shop.admin.ShopBackEndApplication    : Running with Spring Boot v2.5.3, Spring v5.3.9
2021-08-17 18:32:36.994  INFO 840 --- [restartedMain] com.shop.admin.ShopBackEndApplication    : No active profile set, falling back to default profiles: default
2021-08-17 18:32:38.924  WARN 840 --- [restartedMain] JpaBaseConfiguration$JpaWebConfiguration : spring.jpa.open-in-view is enabled by default. Therefore, database queries may be performed during view rendering. Explicitly configure spring.jpa.open-in-view to disable this warning
2021-08-17 18:32:39.528  INFO 840 --- [restartedMain] com.shop.admin.ShopBackEndApplication    : Started ShopBackEndApplication in 2.755 seconds (JVM running for 3.187)
2021-08-17 18:34:38.654  INFO 840 --- [restartedMain] com.shop.admin.ShopBackEndApplication    : Starting ShopBackEndApplication using Java 15.0.2 on DESKTOP-DN0KHA8 with PID 840 (D:\ShopEcommerce\ShopProject\ShopWebParent\ShopBackEnd\target\classes started by fyant in D:\ShopEcommerce\ShopProject\ShopWebParent\ShopBackEnd)
2021-08-17 18:34:38.654  INFO 840 --- [restartedMain] com.shop.admin.ShopBackEndApplication    : No active profile set, falling back to default profiles: default
2021-08-17 18:34:38.773  INFO 840 --- [restartedMain] .s.d.r.c.RepositoryConfigurationDelegate : Bootstrapping Spring Data JPA repositories in DEFAULT mode.
2021-08-17 18:34:38.783  INFO 840 --- [restartedMain] .s.d.r.c.RepositoryConfigurationDelegate : Finished Spring Data repository scanning in 9 ms. Found 3 JPA repository interfaces.
2021-08-17 18:34:38.847  INFO 840 --- [restartedMain] o.s.b.w.embedded.tomcat.TomcatWebServer  : Tomcat initialized with port(s): 8080 (http)
2021-08-17 18:34:38.848  INFO 840 --- [restartedMain] o.apache.catalina.core.StandardService   : Starting service [Tomcat]
2021-08-17 18:34:38.848  INFO 840 --- [restartedMain] org.apache.catalina.core.StandardEngine  : Starting Servlet engine: [Apache Tomcat/9.0.50]
2021-08-17 18:34:38.864  INFO 840 --- [restartedMain] o.a.c.c.C.[.[localhost].[/ShopAdmin]     : Initializing Spring embedded WebApplicationContext
2021-08-17 18:34:38.864  INFO 840 --- [restartedMain] w.s.c.ServletWebServerApplicationContext : Root WebApplicationContext: initialization completed in 208 ms
2021-08-17 18:34:38.889  INFO 840 --- [restartedMain] o.hibernate.jpa.internal.util.LogHelper  : HHH000204: Processing PersistenceUnitInfo [name: default]
2021-08-17 18:34:38.893  INFO 840 --- [restartedMain] com.zaxxer.hikari.HikariDataSource       : HikariPool-2 - Starting...
2021-08-17 18:34:38.895  INFO 840 --- [restartedMain] com.zaxxer.hikari.HikariDataSource       : HikariPool-2 - Start completed.
2021-08-17 18:34:38.896  INFO 840 --- [restartedMain] org.hibernate.dialect.Dialect            : HHH000400: Using dialect: org.hibernate.dialect.MySQL55Dialect
2021-08-17 18:34:38.953  INFO 840 --- [restartedMain] o.h.e.t.j.p.i.JtaPlatformInitiator       : HHH000490: Using JtaPlatform implementation: [org.hibernate.engine.transaction.jta.platform.internal.NoJtaPlatform]
2021-08-17 18:34:38.954  INFO 840 --- [restartedMain] j.LocalContainerEntityManagerFactoryBean : Initialized JPA EntityManagerFactory for persistence unit 'default'
2021-08-17 18:34:38.990  WARN 840 --- [restartedMain] JpaBaseConfiguration$JpaWebConfiguration : spring.jpa.open-in-view is enabled by default. Therefore, database queries may be performed during view rendering. Explicitly configure spring.jpa.open-in-view to disable this warning
2021-08-17 18:34:39.034  INFO 840 --- [restartedMain] o.s.s.web.DefaultSecurityFilterChain     : Will secure Ant [pattern='/images/**'] with []
2021-08-17 18:34:39.035  INFO 840 --- [restartedMain] o.s.s.web.DefaultSecurityFilterChain     : Will secure Ant [pattern='/js/**'] with []
2021-08-17 18:34:39.035  INFO 840 --- [restartedMain] o.s.s.web.DefaultSecurityFilterChain     : Will secure Ant [pattern='/webjars/**'] with []
2021-08-17 18:34:39.039  INFO 840 --- [restartedMain] o.s.s.web.DefaultSecurityFilterChain     : Will secure any request with [org.springframework.security.web.context.request.async.WebAsyncManagerIntegrationFilter@7fa7a981, org.springframework.security.web.context.SecurityContextPersistenceFilter@7dee61f2, org.springframework.security.web.header.HeaderWriterFilter@c7c1c9c, org.springframework.security.web.csrf.CsrfFilter@3d4470ff, org.springframework.security.web.authentication.logout.LogoutFilter@76395b9f, org.springframework.security.web.authentication.UsernamePasswordAuthenticationFilter@2ddb8f17, org.springframework.security.web.savedrequest.RequestCacheAwareFilter@6e5c8725, org.springframework.security.web.servletapi.SecurityContextHolderAwareRequestFilter@2a8ee8e, org.springframework.security.web.authentication.rememberme.RememberMeAuthenticationFilter@6373f7f, org.springframework.security.web.authentication.AnonymousAuthenticationFilter@40914d9f, org.springframework.security.web.session.SessionManagementFilter@63b336f3, org.springframework.security.web.access.ExceptionTranslationFilter@11605822, org.springframework.security.web.access.intercept.FilterSecurityInterceptor@521db298]
2021-08-17 18:34:39.067  INFO 840 --- [restartedMain] o.s.b.a.w.s.WelcomePageHandlerMapping    : Adding welcome page template: index
2021-08-17 18:34:39.178  INFO 840 --- [restartedMain] o.s.b.d.a.OptionalLiveReloadServer       : LiveReload server is running on port 35729
2021-08-17 18:34:39.185  INFO 840 --- [restartedMain] o.s.b.w.embedded.tomcat.TomcatWebServer  : Tomcat started on port(s): 8080 (http) with context path '/ShopAdmin'
2021-08-17 18:34:39.187  INFO 840 --- [restartedMain] com.shop.admin.ShopBackEndApplication    : Started ShopBackEndApplication in 0.554 seconds (JVM running for 122.846)
2021-08-17 18:34:39.188  INFO 840 --- [restartedMain] .ConditionEvaluationDeltaLoggingListener : Condition evaluation unchanged
2021-08-17 18:34:41.355  INFO 840 --- [RMI TCP Connection(4)-127.0.0.1] inMXBeanRegistrar$SpringApplicationAdmin : Application shutdown requested.
2021-08-17 18:34:41.385  INFO 840 --- [RMI TCP Connection(4)-127.0.0.1] j.LocalContainerEntityManagerFactoryBean : Closing JPA EntityManagerFactory for persistence unit 'default'
2021-08-17 18:34:41.385  INFO 840 --- [RMI TCP Connection(4)-127.0.0.1] com.zaxxer.hikari.HikariDataSource       : HikariPool-2 - Shutdown initiated...
2021-08-17 18:34:41.387  INFO 840 --- [RMI TCP Connection(4)-127.0.0.1] com.zaxxer.hikari.HikariDataSource       : HikariPool-2 - Shutdown completed.
2021-08-17 18:34:44.401  INFO 16856 --- [restartedMain] com.shop.admin.ShopBackEndApplication    : Starting ShopBackEndApplication using Java 15.0.2 on DESKTOP-DN0KHA8 with PID 16856 (D:\ShopEcommerce\ShopProject\ShopWebParent\ShopBackEnd\target\classes started by fyant in D:\ShopEcommerce\ShopProject\ShopWebParent\ShopBackEnd)
2021-08-17 18:34:44.402  INFO 16856 --- [restartedMain] com.shop.admin.ShopBackEndApplication    : No active profile set, falling back to default profiles: default
2021-08-17 18:34:44.430  INFO 16856 --- [restartedMain] .e.DevToolsPropertyDefaultsPostProcessor : Devtools property defaults active! Set 'spring.devtools.add-properties' to 'false' to disable
2021-08-17 18:34:44.430  INFO 16856 --- [restartedMain] .e.DevToolsPropertyDefaultsPostProcessor : For additional web related logging consider setting the 'logging.level.web' property to 'DEBUG'
2021-08-17 18:34:44.822  INFO 16856 --- [restartedMain] .s.d.r.c.RepositoryConfigurationDelegate : Bootstrapping Spring Data JPA repositories in DEFAULT mode.
2021-08-17 18:34:44.856  INFO 16856 --- [restartedMain] .s.d.r.c.RepositoryConfigurationDelegate : Finished Spring Data repository scanning in 29 ms. Found 3 JPA repository interfaces.
2021-08-17 18:34:45.202  INFO 16856 --- [restartedMain] o.s.b.w.embedded.tomcat.TomcatWebServer  : Tomcat initialized with port(s): 8080 (http)
2021-08-17 18:34:45.208  INFO 16856 --- [restartedMain] o.apache.catalina.core.StandardService   : Starting service [Tomcat]
2021-08-17 18:34:45.208  INFO 16856 --- [restartedMain] org.apache.catalina.core.StandardEngine  : Starting Servlet engine: [Apache Tomcat/9.0.50]
2021-08-17 18:34:45.274  INFO 16856 --- [restartedMain] o.a.c.c.C.[.[localhost].[/ShopAdmin]     : Initializing Spring embedded WebApplicationContext
2021-08-17 18:34:45.274  INFO 16856 --- [restartedMain] w.s.c.ServletWebServerApplicationContext : Root WebApplicationContext: initialization completed in 844 ms
2021-08-17 18:34:45.385  INFO 16856 --- [restartedMain] o.hibernate.jpa.internal.util.LogHelper  : HHH000204: Processing PersistenceUnitInfo [name: default]
2021-08-17 18:34:45.413  INFO 16856 --- [restartedMain] org.hibernate.Version                    : HHH000412: Hibernate ORM core version 5.4.32.Final
2021-08-17 18:34:45.490  INFO 16856 --- [restartedMain] o.hibernate.annotations.common.Version   : HCANN000001: Hibernate Commons Annotations {5.1.2.Final}
2021-08-17 18:34:45.552  INFO 16856 --- [restartedMain] com.zaxxer.hikari.HikariDataSource       : HikariPool-1 - Starting...
2021-08-17 18:34:45.642  INFO 16856 --- [restartedMain] com.zaxxer.hikari.HikariDataSource       : HikariPool-1 - Start completed.
2021-08-17 18:34:45.660  INFO 16856 --- [restartedMain] org.hibernate.dialect.Dialect            : HHH000400: Using dialect: org.hibernate.dialect.MySQL55Dialect
2021-08-17 18:34:46.086  INFO 16856 --- [restartedMain] o.h.e.t.j.p.i.JtaPlatformInitiator       : HHH000490: Using JtaPlatform implementation: [org.hibernate.engine.transaction.jta.platform.internal.NoJtaPlatform]
2021-08-17 18:34:46.091  INFO 16856 --- [restartedMain] j.LocalContainerEntityManagerFactoryBean : Initialized JPA EntityManagerFactory for persistence unit 'default'
2021-08-17 18:34:46.256  WARN 16856 --- [restartedMain] JpaBaseConfiguration$JpaWebConfiguration : spring.jpa.open-in-view is enabled by default. Therefore, database queries may be performed during view rendering. Explicitly configure spring.jpa.open-in-view to disable this warning
2021-08-17 18:34:46.482  INFO 16856 --- [restartedMain] o.s.s.web.DefaultSecurityFilterChain     : Will secure Ant [pattern='/images/**'] with []
2021-08-17 18:34:46.482  INFO 16856 --- [restartedMain] o.s.s.web.DefaultSecurityFilterChain     : Will secure Ant [pattern='/js/**'] with []
2021-08-17 18:34:46.482  INFO 16856 --- [restartedMain] o.s.s.web.DefaultSecurityFilterChain     : Will secure Ant [pattern='/webjars/**'] with []
2021-08-17 18:34:46.503  INFO 16856 --- [restartedMain] o.s.s.web.DefaultSecurityFilterChain     : Will secure any request with [org.springframework.security.web.context.request.async.WebAsyncManagerIntegrationFilter@18a71925, org.springframework.security.web.context.SecurityContextPersistenceFilter@1df3fe3, org.springframework.security.web.header.HeaderWriterFilter@467254c9, org.springframework.security.web.csrf.CsrfFilter@417a82cc, org.springframework.security.web.authentication.logout.LogoutFilter@1cb74d8d, org.springframework.security.web.authentication.UsernamePasswordAuthenticationFilter@9980f7, org.springframework.security.web.savedrequest.RequestCacheAwareFilter@1b30b1f8, org.springframework.security.web.servletapi.SecurityContextHolderAwareRequestFilter@506b6bf9, org.springframework.security.web.authentication.rememberme.RememberMeAuthenticationFilter@95062f0, org.springframework.security.web.authentication.AnonymousAuthenticationFilter@27026481, org.springframework.security.web.session.SessionManagementFilter@27e56fc9, org.springframework.security.web.access.ExceptionTranslationFilter@4a661c12, org.springframework.security.web.access.intercept.FilterSecurityInterceptor@60901667]
2021-08-17 18:34:46.615  INFO 16856 --- [restartedMain] o.s.b.a.w.s.WelcomePageHandlerMapping    : Adding welcome page template: index
2021-08-17 18:34:46.835  INFO 16856 --- [restartedMain] o.s.b.d.a.OptionalLiveReloadServer       : LiveReload server is running on port 35729
2021-08-17 18:34:46.863  INFO 16856 --- [restartedMain] o.s.b.w.embedded.tomcat.TomcatWebServer  : Tomcat started on port(s): 8080 (http) with context path '/ShopAdmin'
2021-08-17 18:34:46.869  INFO 16856 --- [restartedMain] com.shop.admin.ShopBackEndApplication    : Started ShopBackEndApplication in 2.669 seconds (JVM running for 3.093)
2021-08-17 18:40:27.189  INFO 16856 --- [Thread-5] j.LocalContainerEntityManagerFactoryBean : Closing JPA EntityManagerFactory for persistence unit 'default'
2021-08-17 18:40:27.196  INFO 16856 --- [Thread-5] com.zaxxer.hikari.HikariDataSource       : HikariPool-1 - Shutdown initiated...
2021-08-17 18:40:27.205  INFO 16856 --- [Thread-5] com.zaxxer.hikari.HikariDataSource       : HikariPool-1 - Shutdown completed.
2021-08-17 18:40:27.259  INFO 16856 --- [restartedMain] com.shop.admin.ShopBackEndApplication    : Starting ShopBackEndApplication using Java 15.0.2 on DESKTOP-DN0KHA8 with PID 16856 (D:\ShopEcommerce\ShopProject\ShopWebParent\ShopBackEnd\target\classes started by fyant in D:\ShopEcommerce\ShopProject\ShopWebParent\ShopBackEnd)
2021-08-17 18:40:27.260  INFO 16856 --- [restartedMain] com.shop.admin.ShopBackEndApplication    : No active profile set, falling back to default profiles: default
2021-08-17 18:40:27.385  INFO 16856 --- [restartedMain] .s.d.r.c.RepositoryConfigurationDelegate : Bootstrapping Spring Data JPA repositories in DEFAULT mode.
2021-08-17 18:40:27.395  INFO 16856 --- [restartedMain] .s.d.r.c.RepositoryConfigurationDelegate : Finished Spring Data repository scanning in 9 ms. Found 3 JPA repository interfaces.
2021-08-17 18:40:27.464  INFO 16856 --- [restartedMain] o.s.b.w.embedded.tomcat.TomcatWebServer  : Tomcat initialized with port(s): 8080 (http)
2021-08-17 18:40:27.464  INFO 16856 --- [restartedMain] o.apache.catalina.core.StandardService   : Starting service [Tomcat]
2021-08-17 18:40:27.464  INFO 16856 --- [restartedMain] org.apache.catalina.core.StandardEngine  : Starting Servlet engine: [Apache Tomcat/9.0.50]
2021-08-17 18:40:27.480  INFO 16856 --- [restartedMain] o.a.c.c.C.[.[localhost].[/ShopAdmin]     : Initializing Spring embedded WebApplicationContext
2021-08-17 18:40:27.481  INFO 16856 --- [restartedMain] w.s.c.ServletWebServerApplicationContext : Root WebApplicationContext: initialization completed in 219 ms
2021-08-17 18:40:27.506  INFO 16856 --- [restartedMain] o.hibernate.jpa.internal.util.LogHelper  : HHH000204: Processing PersistenceUnitInfo [name: default]
2021-08-17 18:40:27.510  INFO 16856 --- [restartedMain] com.zaxxer.hikari.HikariDataSource       : HikariPool-2 - Starting...
2021-08-17 18:40:27.512  INFO 16856 --- [restartedMain] com.zaxxer.hikari.HikariDataSource       : HikariPool-2 - Start completed.
2021-08-17 18:40:27.512  INFO 16856 --- [restartedMain] org.hibernate.dialect.Dialect            : HHH000400: Using dialect: org.hibernate.dialect.MySQL55Dialect
2021-08-17 18:40:27.573  INFO 16856 --- [restartedMain] o.h.e.t.j.p.i.JtaPlatformInitiator       : HHH000490: Using JtaPlatform implementation: [org.hibernate.engine.transaction.jta.platform.internal.NoJtaPlatform]
2021-08-17 18:40:27.573  INFO 16856 --- [restartedMain] j.LocalContainerEntityManagerFactoryBean : Initialized JPA EntityManagerFactory for persistence unit 'default'
2021-08-17 18:40:27.608  WARN 16856 --- [restartedMain] JpaBaseConfiguration$JpaWebConfiguration : spring.jpa.open-in-view is enabled by default. Therefore, database queries may be performed during view rendering. Explicitly configure spring.jpa.open-in-view to disable this warning
2021-08-17 18:40:27.652  INFO 16856 --- [restartedMain] o.s.s.web.DefaultSecurityFilterChain     : Will secure Ant [pattern='/images/**'] with []
2021-08-17 18:40:27.653  INFO 16856 --- [restartedMain] o.s.s.web.DefaultSecurityFilterChain     : Will secure Ant [pattern='/js/**'] with []
2021-08-17 18:40:27.653  INFO 16856 --- [restartedMain] o.s.s.web.DefaultSecurityFilterChain     : Will secure Ant [pattern='/webjars/**'] with []
2021-08-17 18:40:27.657  INFO 16856 --- [restartedMain] o.s.s.web.DefaultSecurityFilterChain     : Will secure any request with [org.springframework.security.web.context.request.async.WebAsyncManagerIntegrationFilter@5804733f, org.springframework.security.web.context.SecurityContextPersistenceFilter@4a3d006, org.springframework.security.web.header.HeaderWriterFilter@51c79cb1, org.springframework.security.web.csrf.CsrfFilter@651d43a7, org.springframework.security.web.authentication.logout.LogoutFilter@bdbf0af, org.springframework.security.web.authentication.UsernamePasswordAuthenticationFilter@615b651d, org.springframework.security.web.savedrequest.RequestCacheAwareFilter@123ab194, org.springframework.security.web.servletapi.SecurityContextHolderAwareRequestFilter@7ff59576, org.springframework.security.web.authentication.rememberme.RememberMeAuthenticationFilter@19038a09, org.springframework.security.web.authentication.AnonymousAuthenticationFilter@778767b4, org.springframework.security.web.session.SessionManagementFilter@b2cbabf, org.springframework.security.web.access.ExceptionTranslationFilter@777c2e68, org.springframework.security.web.access.intercept.FilterSecurityInterceptor@243163a8]
2021-08-17 18:40:27.685  INFO 16856 --- [restartedMain] o.s.b.a.w.s.WelcomePageHandlerMapping    : Adding welcome page template: index
2021-08-17 18:40:27.797  INFO 16856 --- [restartedMain] o.s.b.d.a.OptionalLiveReloadServer       : LiveReload server is running on port 35729
2021-08-17 18:40:27.804  INFO 16856 --- [restartedMain] o.s.b.w.embedded.tomcat.TomcatWebServer  : Tomcat started on port(s): 8080 (http) with context path '/ShopAdmin'
2021-08-17 18:40:27.807  INFO 16856 --- [restartedMain] com.shop.admin.ShopBackEndApplication    : Started ShopBackEndApplication in 0.57 seconds (JVM running for 344.031)
2021-08-17 18:40:27.809  INFO 16856 --- [restartedMain] .ConditionEvaluationDeltaLoggingListener : Condition evaluation unchanged
2021-08-17 18:41:23.506  INFO 16856 --- [RMI TCP Connection(11)-127.0.0.1] inMXBeanRegistrar$SpringApplicationAdmin : Application shutdown requested.
2021-08-17 18:41:23.541  INFO 16856 --- [RMI TCP Connection(11)-127.0.0.1] j.LocalContainerEntityManagerFactoryBean : Closing JPA EntityManagerFactory for persistence unit 'default'
2021-08-17 18:41:23.541  INFO 16856 --- [RMI TCP Connection(11)-127.0.0.1] com.zaxxer.hikari.HikariDataSource       : HikariPool-2 - Shutdown initiated...
2021-08-17 18:41:23.543  INFO 16856 --- [RMI TCP Connection(11)-127.0.0.1] com.zaxxer.hikari.HikariDataSource       : HikariPool-2 - Shutdown completed.
2021-08-17 18:41:26.582  INFO 9304 --- [restartedMain] com.shop.admin.ShopBackEndApplication    : Starting ShopBackEndApplication using Java 15.0.2 on DESKTOP-DN0KHA8 with PID 9304 (D:\ShopEcommerce\ShopProject\ShopWebParent\ShopBackEnd\target\classes started by fyant in D:\ShopEcommerce\ShopProject\ShopWebParent\ShopBackEnd)
2021-08-17 18:41:26.583  INFO 9304 --- [restartedMain] com.shop.admin.ShopBackEndApplication    : No active profile set, falling back to default profiles: default
2021-08-17 18:41:26.612  INFO 9304 --- [restartedMain] .e.DevToolsPropertyDefaultsPostProcessor : Devtools property defaults active! Set 'spring.devtools.add-properties' to 'false' to disable
2021-08-17 18:41:26.612  INFO 9304 --- [restartedMain] .e.DevToolsPropertyDefaultsPostProcessor : For additional web related logging consider setting the 'logging.level.web' property to 'DEBUG'
2021-08-17 18:41:27.024  INFO 9304 --- [restartedMain] .s.d.r.c.RepositoryConfigurationDelegate : Bootstrapping Spring Data JPA repositories in DEFAULT mode.
2021-08-17 18:41:27.060  INFO 9304 --- [restartedMain] .s.d.r.c.RepositoryConfigurationDelegate : Finished Spring Data repository scanning in 30 ms. Found 3 JPA repository interfaces.
2021-08-17 18:41:27.411  INFO 9304 --- [restartedMain] o.s.b.w.embedded.tomcat.TomcatWebServer  : Tomcat initialized with port(s): 8080 (http)
2021-08-17 18:41:27.417  INFO 9304 --- [restartedMain] o.apache.catalina.core.StandardService   : Starting service [Tomcat]
2021-08-17 18:41:27.417  INFO 9304 --- [restartedMain] org.apache.catalina.core.StandardEngine  : Starting Servlet engine: [Apache Tomcat/9.0.50]
2021-08-17 18:41:27.490  INFO 9304 --- [restartedMain] o.a.c.c.C.[.[localhost].[/ShopAdmin]     : Initializing Spring embedded WebApplicationContext
2021-08-17 18:41:27.490  INFO 9304 --- [restartedMain] w.s.c.ServletWebServerApplicationContext : Root WebApplicationContext: initialization completed in 878 ms
2021-08-17 18:41:27.602  INFO 9304 --- [restartedMain] o.hibernate.jpa.internal.util.LogHelper  : HHH000204: Processing PersistenceUnitInfo [name: default]
2021-08-17 18:41:27.631  INFO 9304 --- [restartedMain] org.hibernate.Version                    : HHH000412: Hibernate ORM core version 5.4.32.Final
2021-08-17 18:41:27.712  INFO 9304 --- [restartedMain] o.hibernate.annotations.common.Version   : HCANN000001: Hibernate Commons Annotations {5.1.2.Final}
2021-08-17 18:41:27.772  INFO 9304 --- [restartedMain] com.zaxxer.hikari.HikariDataSource       : HikariPool-1 - Starting...
2021-08-17 18:41:27.864  INFO 9304 --- [restartedMain] com.zaxxer.hikari.HikariDataSource       : HikariPool-1 - Start completed.
2021-08-17 18:41:27.882  INFO 9304 --- [restartedMain] org.hibernate.dialect.Dialect            : HHH000400: Using dialect: org.hibernate.dialect.MySQL55Dialect
2021-08-17 18:41:28.304  INFO 9304 --- [restartedMain] o.h.e.t.j.p.i.JtaPlatformInitiator       : HHH000490: Using JtaPlatform implementation: [org.hibernate.engine.transaction.jta.platform.internal.NoJtaPlatform]
2021-08-17 18:41:28.310  INFO 9304 --- [restartedMain] j.LocalContainerEntityManagerFactoryBean : Initialized JPA EntityManagerFactory for persistence unit 'default'
2021-08-17 18:41:28.472  WARN 9304 --- [restartedMain] JpaBaseConfiguration$JpaWebConfiguration : spring.jpa.open-in-view is enabled by default. Therefore, database queries may be performed during view rendering. Explicitly configure spring.jpa.open-in-view to disable this warning
2021-08-17 18:41:28.694  INFO 9304 --- [restartedMain] o.s.s.web.DefaultSecurityFilterChain     : Will secure Ant [pattern='/images/**'] with []
2021-08-17 18:41:28.694  INFO 9304 --- [restartedMain] o.s.s.web.DefaultSecurityFilterChain     : Will secure Ant [pattern='/js/**'] with []
2021-08-17 18:41:28.694  INFO 9304 --- [restartedMain] o.s.s.web.DefaultSecurityFilterChain     : Will secure Ant [pattern='/webjars/**'] with []
2021-08-17 18:41:28.712  INFO 9304 --- [restartedMain] o.s.s.web.DefaultSecurityFilterChain     : Will secure any request with [org.springframework.security.web.context.request.async.WebAsyncManagerIntegrationFilter@41696f24, org.springframework.security.web.context.SecurityContextPersistenceFilter@6e8ea079, org.springframework.security.web.header.HeaderWriterFilter@6ede23b4, org.springframework.security.web.csrf.CsrfFilter@2760056f, org.springframework.security.web.authentication.logout.LogoutFilter@1afbab13, org.springframework.security.web.authentication.UsernamePasswordAuthenticationFilter@490aa068, org.springframework.security.web.savedrequest.RequestCacheAwareFilter@c2c91b8, org.springframework.security.web.servletapi.SecurityContextHolderAwareRequestFilter@7f3caf21, org.springframework.security.web.authentication.rememberme.RememberMeAuthenticationFilter@76256c55, org.springframework.security.web.authentication.AnonymousAuthenticationFilter@60d28d0a, org.springframework.security.web.session.SessionManagementFilter@799767a4, org.springframework.security.web.access.ExceptionTranslationFilter@12574de, org.springframework.security.web.access.intercept.FilterSecurityInterceptor@177ff8d]
2021-08-17 18:41:28.825  INFO 9304 --- [restartedMain] o.s.b.a.w.s.WelcomePageHandlerMapping    : Adding welcome page template: index
2021-08-17 18:41:29.056  INFO 9304 --- [restartedMain] o.s.b.d.a.OptionalLiveReloadServer       : LiveReload server is running on port 35729
2021-08-17 18:41:29.084  INFO 9304 --- [restartedMain] o.s.b.w.embedded.tomcat.TomcatWebServer  : Tomcat started on port(s): 8080 (http) with context path '/ShopAdmin'
2021-08-17 18:41:29.091  INFO 9304 --- [restartedMain] com.shop.admin.ShopBackEndApplication    : Started ShopBackEndApplication in 2.732 seconds (JVM running for 3.169)
